#
# An unexpected error has been detected by Java Runtime Environment:
#
#  EXCEPTION_ACCESS_VIOLATION (0xc0000005) at pc=0x00000000777a1530, pid=5732, tid=2576
#
# Java VM: Java HotSpot(TM) 64-Bit Server VM (1.6.0-b105 mixed mode)
# Problematic frame:
# C  [ntdll.dll+0x51530]
#
# If you would like to submit a bug report, please visit:
#   http://java.sun.com/webapps/bugreport/crash.jsp
#

---------------  T H R E A D  ---------------

Current thread (0x000000000f377800):  JavaThread "AWT-EventQueue-0" [_thread_in_native, id=2576]

siginfo: ExceptionCode=0xc0000005, reading address 0x000000000be4fb98

Registers:
EAX=0x0000005005ceb3b6, EBX=0x000000000be4fb90, ECX=0x000000ffffffffff, EDX=0x000000003d6b1cc0
ESP=0x000000001166dc30, EBP=0x0000000000000000, ESI=0x00000000347d0000, EDI=0x000000003d6b1cd0
EIP=0x00000000777a1530, EFLAGS=0x0000000000010206

Top of Stack: (sp=0x000000001166dc30)
0x000000001166dc30:   000000000f377800 0000000000000000
0x000000001166dc40:   0000000000000002 000000000f377800
0x000000001166dc50:   0000000000000000 000000000da74bbe
0x000000001166dc60:   000000000f034558 000000000000003d
0x000000001166dc70:   000000003f647e68 000000003f647df8
0x000000001166dc80:   000000003f647e80 0000000000000000
0x000000001166dc90:   00000000122a31a2 000000003f647e88
0x000000001166dca0:   000000000f377990 00000000771e2a8a
0x000000001166dcb0:   0000000000000000 000000003d6b1cd0
0x000000001166dcc0:   000000000f377800 000000003d6b1cd0
0x000000001166dcd0:   000000000000003d 0000000074f36dfb
0x000000001166dce0:   000000000f377800 0000000000000000
0x000000001166dcf0:   0000000000000000 00000000122a31a2
0x000000001166dd00:   0000000015436328 0000000011531890
0x000000001166dd10:   000000003d6b1cd0 000000000f377990
0x000000001166dd20:   0000000015436328 00000000122a31a2 

Instructions: (pc=0x00000000777a1530)
0x00000000777a1520:   33 d8 48 33 1d 9f 2e 0e 00 48 c1 e3 04 0f 0d 0b
0x00000000777a1530:   4c 8b 63 08 49 bd 01 00 00 00 01 00 00 00 49 be 


Stack: [0x00000000115f0000,0x0000000011670000),  sp=0x000000001166dc30,  free space=503k
Native frames: (J=compiled Java code, j=interpreted, Vv=VM code, C=native code)
C  [ntdll.dll+0x51530]

[error occurred during error reporting, step 120, id 0xc0000005]

Java frames: (J=compiled Java code, j=interpreted, Vv=VM code)
j  com.mathworks.widgets.text.mcode.MLint.nativeGetMessageDefinitions()Ljava/util/List;+0
j  com.mathworks.widgets.text.mcode.MLint.<clinit>()V+61
v  ~StubRoutines::call_stub
j  com.mathworks.widgets.text.mcode.MEditorUI.installMLint()V+35
j  com.mathworks.widgets.text.mcode.MEditorUI.installUI(Ljavax/swing/text/JTextComponent;)V+11
j  org.netbeans.editor.BaseTextUI.installUI(Ljavax/swing/JComponent;)V+56
j  javax.swing.JComponent.setUI(Ljavax/swing/plaf/ComponentUI;)V+135
j  javax.swing.text.JTextComponent.setUI(Ljavax/swing/plaf/TextUI;)V+2
j  org.netbeans.editor.BaseKit.install(Ljavax/swing/JEditorPane;)V+29
j  javax.swing.JEditorPane.setEditorKit(Ljavax/swing/text/EditorKit;)V+36
j  javax.swing.JEditorPane.setContentType(Ljava/lang/String;)V+93
j  com.mathworks.widgets.SyntaxTextPaneBase.read(Ljava/io/InputStream;Ljava/lang/Object;Ljava/lang/String;Ljava/lang/String;)V+2
j  com.mathworks.widgets.SyntaxTextPaneBase.read(Ljava/io/File;)V+28
j  com.mathworks.widgets.SyntaxTextPaneMultiView.read(Ljava/io/File;)V+5
j  com.mathworks.mde.editor.EditorView.initSyntaxTextPane()Z+54
j  com.mathworks.mde.editor.EditorView.<init>(Lcom/mathworks/mde/editor/EditorViewCallback;Ljava/lang/String;)V+223
j  com.mathworks.mde.editor.EditorViewContainer.<init>(Ljava/lang/String;Z)V+73
j  com.mathworks.mde.editor.EditorViewContainer.createInDesktop(Ljava/lang/String;)Lcom/mathworks/mde/editor/EditorViewContainer;+6
j  com.mathworks.mde.editor.IDEEditor.createEditorViewContainer(Ljava/lang/String;Ljava/lang/String;)Lcom/mathworks/mde/editor/EditorViewContainer;+3
j  com.mathworks.mde.editor.IDEEditor.setupDocument(Ljava/lang/String;)Lcom/mathworks/mde/editor/EditorViewContainer;+6
j  com.mathworks.mde.editor.IDEEditor.myOpenDocument(Ljava/lang/String;)V+70
j  com.mathworks.mde.editor.IDEEditor.access$400(Lcom/mathworks/mde/editor/IDEEditor;Ljava/lang/String;)V+2
j  com.mathworks.mde.editor.IDEEditor$4.run()V+8
j  com.mathworks.jmi.AWTUtilities$Invoker$4.runWithOutput()Ljava/lang/Object;+6
j  com.mathworks.jmi.AWTUtilities$Invoker$1.run()V+11
J  java.awt.event.InvocationEvent.dispatch()V
J  java.awt.EventDispatchThread.pumpOneEventForFilters(I)Z
J  java.awt.EventDispatchThread.pumpEventsForFilter(ILjava/awt/Conditional;Ljava/awt/EventFilter;)V
j  java.awt.EventDispatchThread.pumpEventsForHierarchy(ILjava/awt/Conditional;Ljava/awt/Component;)V+11
j  java.awt.EventDispatchThread.pumpEvents(ILjava/awt/Conditional;)V+4
j  java.awt.EventDispatchThread.pumpEvents(Ljava/awt/Conditional;)V+3
j  java.awt.EventDispatchThread.run()V+9
v  ~StubRoutines::call_stub

---------------  P R O C E S S  ---------------

Java Threads: ( => current thread )
  0x000000000f604800 JavaThread "Active Reference Queue Daemon" daemon [_thread_blocked, id=3984]
  0x000000000f602c00 JavaThread "Timer-3" daemon [_thread_blocked, id=6564]
  0x000000000f603800 JavaThread "Prefs Updater" [_thread_in_native, id=2796]
  0x000000000f604000 JavaThread "Timer queue for AWT thread" daemon [_thread_blocked, id=6376]
  0x000000000fa83000 JavaThread "Timer-1" daemon [_thread_blocked, id=6280]
  0x000000000f4c9000 JavaThread "TimerQueue" daemon [_thread_blocked, id=2056]
=>0x000000000f377800 JavaThread "AWT-EventQueue-0" [_thread_in_native, id=2576]
  0x000000000f474400 JavaThread "AWT-Shutdown" [_thread_blocked, id=2728]
  0x000000000f9e4c00 JavaThread "AWT-Windows" daemon [_thread_in_native, id=4216]
  0x000000000f9e0c00 JavaThread "Java2D Disposer" daemon [_thread_blocked, id=4896]
  0x000000000f3c1000 JavaThread "Timer-0" [_thread_blocked, id=1876]
  0x000000000f1da800 JavaThread "Low Memory Detector" daemon [_thread_blocked, id=1220]
  0x000000000f1d8400 JavaThread "CompilerThread1" daemon [_thread_blocked, id=5768]
  0x000000000f1d4000 JavaThread "CompilerThread0" daemon [_thread_blocked, id=3124]
  0x000000000f1cfc00 JavaThread "Attach Listener" daemon [_thread_blocked, id=6056]
  0x000000000f1a9000 JavaThread "Finalizer" daemon [_thread_blocked, id=1676]
  0x000000000f1a8400 JavaThread "Reference Handler" daemon [_thread_blocked, id=3648]
  0x0000000003d5fc00 JavaThread "main" [_thread_blocked, id=5736]

Other Threads:
  0x000000000f1a4800 VMThread [id=964]
  0x000000000f1db000 WatcherThread [id=3944]

VM state:not at safepoint (normal execution)

VM Mutex/Monitor currently owned by a thread: None

Heap
 PSYoungGen      total 31488K, used 1425K [0x00000000265a0000, 0x0000000029510000, 0x00000000296a0000)
  eden space 15168K, 0% used [0x00000000265a0000,0x00000000265a8100,0x0000000027470000)
  from space 16320K, 8% used [0x0000000028520000,0x000000002867c370,0x0000000029510000)
  to   space 16704K, 0% used [0x0000000027470000,0x0000000027470000,0x00000000284c0000)
 PSOldGen        total 81408K, used 61555K [0x000000001d2a0000, 0x0000000022220000, 0x00000000265a0000)
  object space 81408K, 75% used [0x000000001d2a0000,0x0000000020ebcf78,0x0000000022220000)
 PSPermGen       total 76544K, used 44346K [0x00000000152a0000, 0x0000000019d60000, 0x000000001d2a0000)
  object space 76544K, 57% used [0x00000000152a0000,0x0000000017deebb8,0x0000000019d60000)

Dynamic libraries:
0x0000000140000000 - 0x0000000140138000 	C:\Program Files\MATLAB\R2008a\bin\win64\MATLAB.exe
0x0000000077750000 - 0x00000000778fc000 	C:\Windows\SYSTEM32\ntdll.dll
0x00000000771c0000 - 0x00000000772df000 	C:\Windows\system32\kernel32.dll
0x000007fefddb0000 - 0x000007fefde1c000 	C:\Windows\system32\KERNELBASE.dll
0x0000000180000000 - 0x0000000180401000 	C:\Program Files\MATLAB\R2008a\bin\win64\libut.dll
0x000007fefe180000 - 0x000007fefe197000 	C:\Windows\system32\imagehlp.dll
0x000007feff4d0000 - 0x000007feff56f000 	C:\Windows\system32\msvcrt.dll
0x0000000077910000 - 0x0000000077917000 	C:\Windows\system32\PSAPI.DLL
0x00000000010d0000 - 0x00000000010f8000 	C:\Program Files\MATLAB\R2008a\bin\win64\LIBEXPAT.dll
0x0000000072090000 - 0x0000000072159000 	C:\Windows\WinSxS\amd64_microsoft.vc80.crt_1fc8b3b9a1e18e3b_8.0.50727.4927_none_88dce9872fb18caf\MSVCR80.dll
0x000000004a800000 - 0x000000004a917000 	C:\Program Files\MATLAB\R2008a\bin\win64\icuuc36.dll
0x000007fefe480000 - 0x000007fefe55b000 	C:\Windows\system32\ADVAPI32.dll
0x000007feff570000 - 0x000007feff58f000 	C:\Windows\SYSTEM32\sechost.dll
0x000007feff930000 - 0x000007feffa5e000 	C:\Windows\system32\RPCRT4.dll
0x0000000001220000 - 0x0000000001223000 	C:\Program Files\MATLAB\R2008a\bin\win64\icudt36.dll
0x000000004ab00000 - 0x000000004ab0f000 	C:\Program Files\MATLAB\R2008a\bin\win64\icuio36.dll
0x0000000001250000 - 0x0000000001356000 	C:\Program Files\MATLAB\R2008a\bin\win64\icuin36.dll
0x000000006bbb0000 - 0x000000006bcb9000 	C:\Windows\WinSxS\amd64_microsoft.vc80.crt_1fc8b3b9a1e18e3b_8.0.50727.4927_none_88dce9872fb18caf\MSVCP80.dll
0x00000000772e0000 - 0x00000000773da000 	C:\Windows\system32\USER32.dll
0x000007feff710000 - 0x000007feff777000 	C:\Windows\system32\GDI32.dll
0x000007feff8f0000 - 0x000007feff8fe000 	C:\Windows\system32\LPK.dll
0x000007fefe3b0000 - 0x000007fefe47a000 	C:\Windows\system32\USP10.dll
0x0000000001370000 - 0x00000000014e4000 	C:\Program Files\MATLAB\R2008a\bin\win64\libmwservices.dll
0x0000000001500000 - 0x0000000001570000 	C:\Program Files\MATLAB\R2008a\bin\win64\libmx.dll
0x0000000001580000 - 0x0000000001597000 	C:\Program Files\MATLAB\R2008a\bin\win64\zlib1.dll
0x00000000015a0000 - 0x0000000001648000 	C:\Program Files\MATLAB\R2008a\bin\win64\libmwmathutil.dll
0x0000000001660000 - 0x00000000016b5000 	C:\Program Files\MATLAB\R2008a\bin\win64\mpath.dll
0x00000000016d0000 - 0x00000000016f1000 	C:\Program Files\MATLAB\R2008a\bin\win64\mlutil.dll
0x000007fefa6c0000 - 0x000007fefa760000 	C:\Windows\WinSxS\amd64_microsoft.windows.common-controls_6595b64144ccf1df_5.82.7600.16661_none_a44e1fc257f685f6\COMCTL32.dll
0x000007fefe060000 - 0x000007fefe0f8000 	C:\Windows\system32\comdlg32.dll
0x000007fefdfe0000 - 0x000007fefe051000 	C:\Windows\system32\SHLWAPI.dll
0x000007fefe740000 - 0x000007feff4c6000 	C:\Windows\system32\SHELL32.dll
0x000007fefb4c0000 - 0x000007fefb4d6000 	C:\Windows\system32\NETAPI32.dll
0x000007fefb4b0000 - 0x000007fefb4bc000 	C:\Windows\system32\netutils.dll
0x000007fefd8e0000 - 0x000007fefd903000 	C:\Windows\system32\srvcli.dll
0x000007fefb430000 - 0x000007fefb445000 	C:\Windows\system32\wkscli.dll
0x000007fefdf90000 - 0x000007fefdfdd000 	C:\Windows\system32\WS2_32.dll
0x000007feff890000 - 0x000007feff898000 	C:\Windows\system32\NSI.dll
0x0000000001710000 - 0x0000000001765000 	C:\Program Files\MATLAB\R2008a\bin\win64\mcr.dll
0x0000000001780000 - 0x00000000017a5000 	C:\Program Files\MATLAB\R2008a\bin\win64\iqm.dll
0x00000000017c0000 - 0x00000000017e1000 	C:\Program Files\MATLAB\R2008a\bin\win64\bridge.dll
0x0000000001800000 - 0x0000000001811000 	C:\Program Files\MATLAB\R2008a\bin\win64\libmex.dll
0x0000000001830000 - 0x00000000018bc000 	C:\Program Files\MATLAB\R2008a\bin\win64\m_dispatcher.dll
0x00000000018d0000 - 0x00000000018f5000 	C:\Program Files\MATLAB\R2008a\bin\win64\datasvcs.dll
0x0000000012000000 - 0x0000000012295000 	C:\Program Files\MATLAB\R2008a\bin\win64\xerces-c_2_7.dll
0x0000000001920000 - 0x00000000021b1000 	C:\Program Files\MATLAB\R2008a\bin\win64\m_interpreter.dll
0x00000000021d0000 - 0x0000000002201000 	C:\Program Files\MATLAB\R2008a\bin\win64\libmat.dll
0x0000000002220000 - 0x0000000002325000 	C:\Program Files\MATLAB\R2008a\bin\win64\libhdf5.dll
0x0000000002330000 - 0x000000000239f000 	C:\Program Files\MATLAB\R2008a\bin\win64\profiler.dll
0x00000000023b0000 - 0x00000000023ba000 	C:\Program Files\MATLAB\R2008a\bin\win64\libmwmathrng.dll
0x00000000023d0000 - 0x00000000023ea000 	C:\Program Files\MATLAB\R2008a\bin\win64\m_pcodeio.dll
0x0000000002400000 - 0x000000000244a000 	C:\Program Files\MATLAB\R2008a\bin\win64\m_ir.dll
0x0000000002460000 - 0x0000000002a1b000 	C:\Program Files\MATLAB\R2008a\bin\win64\m_parser.dll
0x0000000002a30000 - 0x0000000002a42000 	C:\Program Files\MATLAB\R2008a\bin\win64\ir_xfmr.dll
0x0000000002a60000 - 0x0000000002c7b000 	C:\Program Files\MATLAB\R2008a\bin\win64\mcos.dll
0x0000000002c90000 - 0x0000000002c9c000 	C:\Program Files\MATLAB\R2008a\bin\win64\mtok.dll
0x0000000002cb0000 - 0x0000000002cd0000 	C:\Program Files\MATLAB\R2008a\bin\win64\m_pcodegen.dll
0x000007fef6ea0000 - 0x000007fef6fc5000 	C:\Windows\system32\dbghelp.dll
0x0000000002ce0000 - 0x0000000002cf0000 	C:\Program Files\MATLAB\R2008a\bin\win64\boost_thread-vc80-mt-1_34_1.dll
0x0000000002d00000 - 0x0000000002dc0000 	C:\Program Files\MATLAB\R2008a\bin\win64\udd.dll
0x0000000002dd0000 - 0x0000000002f12000 	C:\Program Files\MATLAB\R2008a\bin\win64\libmwgui.dll
0x0000000002f30000 - 0x000000000316a000 	C:\Program Files\MATLAB\R2008a\bin\win64\hg.dll
0x0000000003180000 - 0x00000000031d6000 	C:\Program Files\MATLAB\R2008a\bin\win64\jmi.dll
0x00000000031f0000 - 0x000000000322e000 	C:\Program Files\MATLAB\R2008a\bin\win64\libmwhardcopy.dll
0x0000000003240000 - 0x000000000329c000 	C:\Program Files\MATLAB\R2008a\bin\win64\libuij.dll
0x00000000032b0000 - 0x000000000353c000 	C:\Program Files\MATLAB\R2008a\bin\win64\numerics.dll
0x0000000003550000 - 0x000000000355c000 	C:\Program Files\MATLAB\R2008a\bin\win64\libmwblas.dll
0x0000000003570000 - 0x000000000357f000 	C:\Program Files\MATLAB\R2008a\bin\win64\libmwbinder.dll
0x0000000003590000 - 0x00000000035b4000 	C:\Program Files\MATLAB\R2008a\bin\win64\libmwlapack.dll
0x00000000035d0000 - 0x00000000035db000 	C:\Program Files\MATLAB\R2008a\bin\win64\libmwfftw.dll
0x00000000035f0000 - 0x0000000003625000 	C:\Program Files\MATLAB\R2008a\bin\win64\libmwrookfastbp.dll
0x0000000003640000 - 0x000000000366e000 	C:\Program Files\MATLAB\R2008a\bin\win64\libmwma57.dll
0x0000000010000000 - 0x00000000100d3000 	C:\Program Files\MATLAB\R2008a\bin\win64\libifcoremd.dll
0x0000000003680000 - 0x000000000389d000 	C:\Program Files\MATLAB\R2008a\bin\win64\libmmd.dll
0x00000000038a0000 - 0x00000000038a9000 	C:\Program Files\MATLAB\R2008a\bin\win64\libmwcsparse.dll
0x00000000038c0000 - 0x000000000398a000 	C:\Program Files\MATLAB\R2008a\bin\win64\libmwumfpack.dll
0x00000000039a0000 - 0x00000000039ad000 	C:\Program Files\MATLAB\R2008a\bin\win64\libmwamd.dll
0x00000000039c0000 - 0x0000000003a52000 	C:\Program Files\MATLAB\R2008a\bin\win64\libmwcholmod.dll
0x0000000003a70000 - 0x0000000003a7c000 	C:\Program Files\MATLAB\R2008a\bin\win64\libmwcolamd.dll
0x0000000003a90000 - 0x0000000003b49000 	C:\Program Files\MATLAB\R2008a\bin\win64\uiw.dll
0x0000000003b60000 - 0x0000000003b6a000 	C:\Program Files\MATLAB\R2008a\bin\win64\uinone.dll
0x0000000066370000 - 0x000000006650b000 	C:\Windows\WinSxS\amd64_microsoft.vc80.mfc_1fc8b3b9a1e18e3b_8.0.50727.762_none_c46a533c8a667ee7\MFC80.DLL
0x000007fefa760000 - 0x000007fefa7d0000 	C:\Windows\system32\WINSPOOL.DRV
0x000007fefe1a0000 - 0x000007fefe3a2000 	C:\Windows\system32\ole32.dll
0x000007feff630000 - 0x000007feff707000 	C:\Windows\system32\OLEAUT32.dll
0x0000000003b80000 - 0x0000000003c10000 	C:\Program Files\MATLAB\R2008a\bin\win64\udd_mi.dll
0x0000000003c20000 - 0x0000000003c38000 	C:\Program Files\MATLAB\R2008a\bin\win64\mwoles05.DLL
0x0000000003c50000 - 0x0000000003cb9000 	C:\Program Files\MATLAB\R2008a\bin\win64\comcli.dll
0x0000000074820000 - 0x000000007483f000 	C:\Windows\WinSxS\amd64_microsoft.vc80.atl_1fc8b3b9a1e18e3b_8.0.50727.762_none_ca3f79d486b08636\ATL80.DLL
0x0000000003cd0000 - 0x0000000003cde000 	C:\Program Files\MATLAB\R2008a\bin\win64\mlautoregister.dll
0x000007feff900000 - 0x000007feff92e000 	C:\Windows\system32\IMM32.DLL
0x000007feff780000 - 0x000007feff889000 	C:\Windows\system32\MSCTF.dll
0x000007fefdb80000 - 0x000007fefdbbc000 	C:\Windows\system32\nvinitx.dll
0x000000000f000000 - 0x000000000f006000 	C:\Program Files\NVIDIA Corporation\CoProcManager\_etoured.dll
0x000007feeebf0000 - 0x000007feeec34000 	C:\Program Files\NVIDIA Corporation\CoProcManager\nvd3d9wrapx.dll
0x000007fefe560000 - 0x000007fefe737000 	C:\Windows\system32\SETUPAPI.dll
0x000007fefdd10000 - 0x000007fefdd46000 	C:\Windows\system32\CFGMGR32.dll
0x000007fefdd50000 - 0x000007fefdd6a000 	C:\Windows\system32\DEVOBJ.dll
0x000007feeeba0000 - 0x000007feeebe2000 	C:\Program Files\NVIDIA Corporation\CoProcManager\nvdxgiwrapx.dll
0x0000000007ab0000 - 0x000000000847e000 	C:\Program Files\MATLAB\R2008a\bin\win64\mkl.dll
0x0000000003ff0000 - 0x000000000403b000 	C:\Program Files\MATLAB\R2008a\bin\win64\libguide40.dll
0x0000000003e40000 - 0x0000000003e48000 	C:\Program Files\MATLAB\R2008a\bin\win64\mklcompat.dll
0x0000000008480000 - 0x0000000008a27000 	C:\Program Files\MATLAB\R2008a\bin\win64\mllapack.dll
0x00000000074a0000 - 0x0000000007594000 	C:\Program Files\MATLAB\R2008a\bin\win64\libfftw3i.dll
0x00000000075f0000 - 0x00000000076de000 	C:\Program Files\MATLAB\R2008a\bin\win64\libfftw3f.dll
0x0000000074750000 - 0x000000007475d000 	C:\Windows\WinSxS\amd64_microsoft.vc80.mfcloc_1fc8b3b9a1e18e3b_8.0.50727.762_none_fc42961a63b5a82b\MFC80ENU.DLL
0x000007fefc270000 - 0x000007fefc2c6000 	C:\Windows\system32\uxtheme.dll
0x000007fefdbc0000 - 0x000007fefdbcf000 	C:\Windows\system32\profapi.dll
0x000007fefb580000 - 0x000007fefb5a7000 	C:\Windows\system32\iphlpapi.dll
0x000007fefb540000 - 0x000007fefb54b000 	C:\Windows\system32\WINNSI.DLL
0x000007fefd230000 - 0x000007fefd28b000 	C:\Windows\system32\DNSAPI.dll
0x000007fefb0d0000 - 0x000007fefb0e8000 	C:\Windows\system32\dhcpcsvc.DLL
0x000007fefb0b0000 - 0x000007fefb0c1000 	C:\Windows\system32\dhcpcsvc6.DLL
0x0000000074800000 - 0x0000000074803000 	C:\Windows\system32\icmp.Dll
0x000007fefda70000 - 0x000007fefda7f000 	C:\Windows\system32\CRYPTBASE.dll
0x000000000d8f0000 - 0x000000000de41000 	C:\Program Files\MATLAB\R2008a\sys\java\jre\win64\jre1.6.0\bin\server\jvm.dll
0x000007fefbb70000 - 0x000007fefbbab000 	C:\Windows\system32\WINMM.dll
0x0000000004060000 - 0x000000000406a000 	C:\Program Files\MATLAB\R2008a\sys\java\jre\win64\jre1.6.0\bin\hpi.dll
0x0000000005860000 - 0x000000000586e000 	C:\Program Files\MATLAB\R2008a\sys\java\jre\win64\jre1.6.0\bin\verify.dll
0x0000000005880000 - 0x00000000058a7000 	C:\Program Files\MATLAB\R2008a\sys\java\jre\win64\jre1.6.0\bin\java.dll
0x0000000006d50000 - 0x0000000006d62000 	C:\Program Files\MATLAB\R2008a\sys\java\jre\win64\jre1.6.0\bin\zip.dll
0x0000000006de0000 - 0x0000000006df6000 	C:\Program Files\MATLAB\R2008a\bin\win64\nativejava.dll
0x00000000073b0000 - 0x00000000073c6000 	C:\Program Files\MATLAB\R2008a\bin\win64\nativejmi.dll
0x0000000006f50000 - 0x0000000006f57000 	C:\Program Files\MATLAB\R2008a\bin\win64\nativeservices.dll
0x00000000110e0000 - 0x0000000011330000 	C:\Program Files\MATLAB\R2008a\sys\java\jre\win64\jre1.6.0\bin\awt.dll
0x000007fefbed0000 - 0x000007fefbee8000 	C:\Windows\system32\dwmapi.dll
0x0000000008c30000 - 0x0000000008c99000 	C:\Program Files\MATLAB\R2008a\sys\java\jre\win64\jre1.6.0\bin\fontmanager.dll
0x00000000073e0000 - 0x00000000073f7000 	C:\Program Files\MATLAB\R2008a\sys\java\jre\win64\jre1.6.0\bin\net.dll

VM Arguments:
jvm_args: -Xss512k -XX:PermSize=32M -Xms64m -XX:NewRatio=3 -XX:MaxPermSize=128M -Xmx196m -XX:MaxDirectMemorySize=2147400000 -Dsun.java2d.noddraw=true -Dsun.awt.nopixfmt=true -Xshare:off -Xrs -Djava.library.path=C:\Program Files\MATLAB\R2008a\bin\win64 vfprintf abort
java_command: <unknown>
Launcher Type: generic

Environment Variables:
PATH=C:\Program Files\Common Files\Microsoft Shared\Windows Live;C:\Program Files (x86)\Common Files\Microsoft Shared\Windows Live;C:\Windows\system32;C:\Windows;C:\Windows\System32\Wbem;C:\Windows\System32\WindowsPowerShell\v1.0\;C:\Program Files\Intel\WiFi\bin\;C:\Program Files\Common Files\Intel\WirelessCommon\;C:\Program Files (x86)\Windows Live\Shared;C:\Program Files (x86)\Common Files\Roxio Shared\DLLShared\;C:\Program Files (x86)\Common Files\Roxio Shared\OEM\DLLShared\;C:\Program Files (x86)\Common Files\Roxio Shared\OEM\DLLShared\;C:\Program Files (x86)\Common Files\Roxio Shared\OEM\12.0\DLLShared\;C:\Program Files (x86)\Roxio\OEM\AudioCore\;C:\Program Files\MATLAB\R2008a\bin;C:\Program Files\MATLAB\R2008a\bin\win64
USERNAME=Ido
OS=Windows_NT
PROCESSOR_IDENTIFIER=Intel64 Family 6 Model 42 Stepping 7, GenuineIntel



---------------  S Y S T E M  ---------------

OS: Windows NT 6.1 Build 7600 

CPU:total 8 em64t ht

Memory: 4k page, physical 8300720k(6040400k free), swap 16599508k(13770296k free)

vm_info: Java HotSpot(TM) 64-Bit Server VM (1.6.0-b105) for windows-amd64, built on Nov 29 2006 00:38:01 by "java_re" with unknown MS VC++:1400

